<?xml version="1.0" encoding="utf-8"?><testsuites name="pytest tests"><testsuite name="pytest" errors="0" failures="0" skipped="0" tests="9" time="8.776" timestamp="2026-06-27T17:20:47.422842+00:00" hostname="agent-env-f1b46584-47b3-4b98-b000-0d0de8918e19"><testcase classname="backend.tests.test_iter10_places_airport_stops.TestPlaces" name="test_places_empty_returns_curated_list_with_airports" time="0.633" /><testcase classname="backend.tests.test_iter10_places_airport_stops.TestPlaces" name="test_places_query_filters" time="0.096" /><testcase classname="backend.tests.test_iter10_places_airport_stops.TestPlaces" name="test_places_requires_auth" time="0.138" /><testcase classname="backend.tests.test_iter10_places_airport_stops.TestRideCreation" name="test_normal_ride_still_works" time="0.133" /><testcase classname="backend.tests.test_iter10_places_airport_stops.TestRideCreation" name="test_ride_with_airport_info_to" time="0.236" /><testcase classname="backend.tests.test_iter10_places_airport_stops.TestRideCreation" name="test_ride_with_airport_info_from_includes_flight" time="0.117" /><testcase classname="backend.tests.test_iter10_places_airport_stops.TestRideCreation" name="test_service_area_rejects_seattle" time="0.092" /><testcase classname="backend.tests.test_iter10_places_airport_stops.TestRideCreation" name="test_ride_with_stops_persists" time="0.234" /><testcase classname="backend.tests.test_iter10_places_airport_stops.TestDriverStatusFlow" name="test_driver_can_drive_status_progression" time="7.059" /></testsuite></testsuites>