<?xml version="1.0" encoding="utf-8"?><testsuites name="pytest tests"><testsuite name="pytest" errors="0" failures="0" skipped="0" tests="10" time="54.850" timestamp="2026-06-23T21:31:48.160758+00:00" hostname="agent-env-f1b46584-47b3-4b98-b000-0d0de8918e19"><testcase classname="backend.tests.test_vehicle_image_and_tip.TestVehicleImage" name="test_returns_200_with_image_or_null" time="10.185" /><testcase classname="backend.tests.test_vehicle_image_and_tip.TestVehicleImage" name="test_caches_on_second_call" time="0.198" /><testcase classname="backend.tests.test_vehicle_image_and_tip.TestVehicleImage" name="test_case_insensitive_key" time="9.086" /><testcase classname="backend.tests.test_vehicle_image_and_tip.TestVehicleImage" name="test_requires_auth" time="0.049" /><testcase classname="backend.tests.test_vehicle_image_and_tip.TestVehicleImage" name="test_empty_desc_400" time="0.045" /><testcase classname="backend.tests.test_vehicle_image_and_tip.TestTip" name="test_tip_blocked_when_driver_enroute" time="2.244" /><testcase classname="backend.tests.test_vehicle_image_and_tip.TestTip" name="test_tip_blocked_when_searching" time="0.094" /><testcase classname="backend.tests.test_vehicle_image_and_tip.TestTip" name="test_tip_during_in_progress_and_track" time="32.816" /><testcase classname="backend.tests.test_vehicle_image_and_tip.TestTip" name="test_tip_404_unknown_ride" time="0.047" /><testcase classname="backend.tests.test_vehicle_image_and_tip.TestTip" name="test_tip_requires_auth" time="0.050" /></testsuite></testsuites>