<?xml version="1.0" encoding="utf-8"?><testsuites name="pytest tests"><testsuite name="pytest" errors="0" failures="0" skipped="0" tests="7" time="92.063" timestamp="2026-07-31T20:31:14.043097+00:00" hostname="agent-env-f1b46584-47b3-4b98-b000-0d0de8918e19"><testcase classname="backend.tests.test_iter13_card_on_accept" name="test_health" time="0.118" /><testcase classname="backend.tests.test_iter13_card_on_accept" name="test_payments_method_enabled_before_any_card" time="0.428" /><testcase classname="backend.tests.test_iter13_card_on_accept" name="test_create_ride_without_card_is_allowed" time="0.222" /><testcase classname="backend.tests.test_iter13_card_on_accept" name="test_setup_intent_returns_card_only_secret" time="0.218" /><testcase classname="backend.tests.test_iter13_card_on_accept" name="test_setup_complete_persists_card" time="0.204" /><testcase classname="backend.tests.test_iter13_card_on_accept" name="test_select_authorizes_hold" time="1.080" /><testcase classname="backend.tests.test_iter13_card_on_accept" name="test_full_ride_capture_on_completion" time="89.748" /></testsuite></testsuites>