<?xml version="1.0" encoding="utf-8"?><testsuites name="pytest tests"><testsuite name="pytest" errors="0" failures="0" skipped="0" tests="16" time="4.472" timestamp="2026-06-25T06:39:05.593329+00:00" hostname="agent-env-f1b46584-47b3-4b98-b000-0d0de8918e19"><testcase classname="backend.tests.test_driver_approval_flow.TestDriverRegisterMultiStep" name="test_register_sets_approval_pending" time="0.506" /><testcase classname="backend.tests.test_driver_approval_flow.TestDriverRegisterMultiStep" name="test_me_returns_pending" time="0.126" /><testcase classname="backend.tests.test_driver_approval_flow.TestOnlineBlockedWhilePending" name="test_pending_driver_cannot_go_online" time="0.131" /><testcase classname="backend.tests.test_driver_approval_flow.TestOnlineBlockedWhilePending" name="test_driver_active_returns_approval_status" time="0.133" /><testcase classname="backend.tests.test_driver_approval_flow.TestAdminApprovalTransitions" name="test_admin_approve_then_driver_can_go_online" time="0.745" /><testcase classname="backend.tests.test_driver_approval_flow.TestAdminApprovalTransitions" name="test_admin_deactivate_blocks_online" time="0.279" /><testcase classname="backend.tests.test_driver_approval_flow.TestAdminApprovalTransitions" name="test_admin_reactivate_after_decline" time="0.494" /><testcase classname="backend.tests.test_driver_approval_flow.TestAdminApprovalTransitions" name="test_invalid_status_400" time="0.093" /><testcase classname="backend.tests.test_driver_approval_flow.TestAdminApprovalTransitions" name="test_non_admin_cannot_set_status" time="0.097" /><testcase classname="backend.tests.test_driver_approval_flow.TestAdminDashboard" name="test_admin_overview" time="0.097" /><testcase classname="backend.tests.test_driver_approval_flow.TestAdminDashboard" name="test_admin_users_no_password" time="0.104" /><testcase classname="backend.tests.test_driver_approval_flow.TestAdminDashboard" name="test_admin_rides" time="0.103" /><testcase classname="backend.tests.test_driver_approval_flow.TestAdminDashboard" name="test_admin_conversations" time="0.111" /><testcase classname="backend.tests.test_driver_approval_flow.TestAdminDashboard" name="test_admin_live" time="0.092" /><testcase classname="backend.tests.test_driver_approval_flow.TestAdminDashboard" name="test_non_admin_blocked" time="0.832" /><testcase classname="backend.tests.test_driver_approval_flow.TestDriverEarnings" name="test_earnings_for_seed_driver" time="0.483" /></testsuite></testsuites>