<?xml version="1.0" encoding="utf-8"?><testsuites name="pytest tests"><testsuite name="pytest" errors="0" failures="1" skipped="0" tests="9" time="2.455" timestamp="2026-07-31T21:08:18.847404+00:00" hostname="agent-env-f1b46584-47b3-4b98-b000-0d0de8918e19"><testcase classname="backend.tests.test_iter14_signup_dob_profile.TestCustomerRegistrationDOBEnforcement" name="test_missing_phone_returns_400" time="0.227" /><testcase classname="backend.tests.test_iter14_signup_dob_profile.TestCustomerRegistrationDOBEnforcement" name="test_under_18_returns_403" time="0.109" /><testcase classname="backend.tests.test_iter14_signup_dob_profile.TestCustomerRegistrationDOBEnforcement" name="test_valid_adult_registration_returns_token_and_public_user" time="0.334" /><testcase classname="backend.tests.test_iter14_signup_dob_profile.TestCustomerRegistrationDOBEnforcement" name="test_missing_dob_returns_400" time="0.116" /><testcase classname="backend.tests.test_iter14_signup_dob_profile.TestCustomerRegistrationDOBEnforcement" name="test_missing_photo_returns_400" time="0.142" /><testcase classname="backend.tests.test_iter14_signup_dob_profile.TestMeProfileEndpoint" name="test_customer_profile_returns_expected_shape" time="0.459" /><testcase classname="backend.tests.test_iter14_signup_dob_profile.TestMeProfileEndpoint" name="test_driver_profile_returns_expected_shape" time="0.428" /><testcase classname="backend.tests.test_iter14_signup_dob_profile.TestMeProfileEndpoint" name="test_profile_requires_auth" time="0.124" /><testcase classname="backend.tests.test_iter14_signup_dob_profile.TestRideRequestRegressionSmoke" name="test_create_ride_no_card_ok" time="0.454"><failure message="AssertionError: Ride create failed: 422 {&quot;detail&quot;:[{&quot;type&quot;:&quot;missing&quot;,&quot;loc&quot;:[&quot;body&quot;,&quot;pickup&quot;,&quot;label&quot;],&quot;msg&quot;:&quot;Field required&quot;,&quot;input&quot;:{&quot;address&quot;:&quot;Orlando Intl Airport&quot;,&quot;lat&quot;:28.4312,&quot;lng&quot;:-81.3081},&quot;url&quot;:&quot;https://errors.pydantic.dev/2.13/v/missing&quot;},{&quot;type&quot;:&quot;missing&quot;,&quot;loc&quot;:[&quot;body&quot;,&quot;destination&quot;],&quot;msg&quot;:&quot;Field required&quot;,&quot;input&quot;:{&quot;pickup&quot;:{&quot;address&quot;:&quot;Orlando Intl Airport&quot;,&quot;lat&quot;:28.4312,&quot;lng&quot;:-81.3081},&quot;dropoff&quot;:{&quot;address&quot;:&quot;Universal Studios Florida&quot;,&quot;lat&quot;:28.4743,&quot;lng&quot;:-81.4676}},&quot;url&quot;:&quot;https://errors.pydantic.dev/2.13/v/missing&quot;}]}&#10;assert 422 in (200, 201)&#10; +  where 422 = &lt;Response [422]&gt;.status_code">backend/tests/test_iter14_signup_dob_profile.py:196: in test_create_ride_no_card_ok
    assert r.status_code in (200, 201), f"Ride create failed: {r.status_code} {r.text}"
E   AssertionError: Ride create failed: 422 {"detail":[{"type":"missing","loc":["body","pickup","label"],"msg":"Field required","input":{"address":"Orlando Intl Airport","lat":28.4312,"lng":-81.3081},"url":"https://errors.pydantic.dev/2.13/v/missing"},{"type":"missing","loc":["body","destination"],"msg":"Field required","input":{"pickup":{"address":"Orlando Intl Airport","lat":28.4312,"lng":-81.3081},"dropoff":{"address":"Universal Studios Florida","lat":28.4743,"lng":-81.4676}},"url":"https://errors.pydantic.dev/2.13/v/missing"}]}
E   assert 422 in (200, 201)
E    +  where 422 = &lt;Response [422]&gt;.status_code</failure></testcase></testsuite></testsuites>