<?xml version="1.0" encoding="utf-8"?><testsuites name="pytest tests"><testsuite name="pytest" errors="0" failures="0" skipped="0" tests="6" time="5.496" timestamp="2026-08-16T20:37:38.401544+00:00" hostname="agent-env-f1b46584-47b3-4b98-b000-0d0de8918e19"><testcase classname="backend.tests.test_iter16_email_hooks.TestRegisterEmail" name="test_register_customer_returns_200_and_no_email_exception" time="0.577" /><testcase classname="backend.tests.test_iter16_email_hooks.TestRideScheduleEmail" name="test_create_ride_now_returns_200" time="0.338" /><testcase classname="backend.tests.test_iter16_email_hooks.TestSelectOfferEmail" name="test_select_offer_returns_200_and_fires_email" time="1.405" /><testcase classname="backend.tests.test_iter16_email_hooks.TestCancelRideEmail" name="test_cancel_pre_dispatch_no_fee" time="0.165" /><testcase classname="backend.tests.test_iter16_email_hooks.TestCancelRideEmail" name="test_cancel_after_driver_selected_charges_fee" time="2.310" /><testcase classname="backend.tests.test_iter16_email_hooks.TestAdminApproveDriverEmail" name="test_approve_driver_returns_200_and_fires_email" time="0.662" /></testsuite></testsuites>