<?xml version="1.0" encoding="utf-8"?><testsuites name="pytest tests"><testsuite name="pytest" errors="0" failures="0" skipped="0" tests="4" time="6.882" timestamp="2026-06-23T08:04:27.816180+00:00" hostname="agent-env-f1b46584-47b3-4b98-b000-0d0de8918e19"><testcase classname="backend.tests.test_offline_block_and_online_field.TestOnlineFieldExposure" name="test_me_includes_online_field" time="0.478" /><testcase classname="backend.tests.test_offline_block_and_online_field.TestOnlineFieldExposure" name="test_driver_active_includes_online_no_ride" time="0.053" /><testcase classname="backend.tests.test_offline_block_and_online_field.TestOnlineToggle" name="test_go_offline_when_no_active_ride_ok" time="0.240" /><testcase classname="backend.tests.test_offline_block_and_online_field.TestOfflineBlockedDuringActiveTrip" name="test_offline_blocked_when_driver_has_accepted_ride" time="6.085" /></testsuite></testsuites>