<?xml version="1.0" encoding="utf-8"?><testsuites name="pytest tests"><testsuite name="pytest" errors="0" failures="0" skipped="0" tests="19" time="13.381" timestamp="2026-08-16T20:46:17.480237+00:00" hostname="agent-env-f1b46584-47b3-4b98-b000-0d0de8918e19"><testcase classname="backend.tests.test_iter17_ride_authorization.TestGetRideAuthorization" name="test_owner_gets_200" time="1.993" /><testcase classname="backend.tests.test_iter17_ride_authorization.TestGetRideAuthorization" name="test_admin_gets_200" time="0.152" /><testcase classname="backend.tests.test_iter17_ride_authorization.TestGetRideAuthorization" name="test_other_customer_gets_403" time="0.103" /><testcase classname="backend.tests.test_iter17_ride_authorization.TestOffersAuthorization" name="test_owner_gets_200" time="0.150" /><testcase classname="backend.tests.test_iter17_ride_authorization.TestOffersAuthorization" name="test_other_customer_gets_403" time="0.107" /><testcase classname="backend.tests.test_iter17_ride_authorization.TestSelectAuthorization" name="test_non_owner_gets_403" time="0.121" /><testcase classname="backend.tests.test_iter17_ride_authorization.TestSelectAuthorization" name="test_owner_selects_offer" time="1.289" /><testcase classname="backend.tests.test_iter17_ride_authorization.TestTrackAuthorization" name="test_owner_gets_200" time="0.123" /><testcase classname="backend.tests.test_iter17_ride_authorization.TestTrackAuthorization" name="test_non_participant_gets_403" time="0.169" /><testcase classname="backend.tests.test_iter17_ride_authorization.TestCancelAuthorization" name="test_non_participant_gets_403" time="0.162" /><testcase classname="backend.tests.test_iter17_ride_authorization.TestCancelAuthorization" name="test_owner_cancel_200" time="1.178" /><testcase classname="backend.tests.test_iter17_ride_authorization.TestChatAuthorization" name="test_ride_messages_non_participant_get_403" time="0.104" /><testcase classname="backend.tests.test_iter17_ride_authorization.TestChatAuthorization" name="test_ride_messages_participant_get_200" time="0.094" /><testcase classname="backend.tests.test_iter17_ride_authorization.TestChatAuthorization" name="test_ride_messages_non_participant_post_403" time="0.118" /><testcase classname="backend.tests.test_iter17_ride_authorization.TestChatAuthorization" name="test_ride_messages_owner_can_post" time="0.103" /><testcase classname="backend.tests.test_iter17_ride_authorization.TestChatAuthorization" name="test_support_thread_owner_only" time="0.724" /><testcase classname="backend.tests.test_iter17_ride_authorization.TestDriverStatusAuthorization" name="test_driver_online_and_active" time="6.437" /><testcase classname="backend.tests.test_iter17_ride_authorization.TestDriverStatusAuthorization" name="test_wrong_driver_gets_403" time="0.104" /><testcase classname="backend.tests.test_iter17_ride_authorization.TestDriverStatusAuthorization" name="test_correct_driver_gets_200" time="0.101" /></testsuite></testsuites>