<?xml version="1.0" encoding="utf-8"?><testsuites name="pytest tests"><testsuite name="pytest" errors="0" failures="0" skipped="0" tests="22" time="18.294" timestamp="2026-06-23T08:04:47.865198+00:00" hostname="agent-env-f1b46584-47b3-4b98-b000-0d0de8918e19"><testcase classname="backend.tests.test_getaride_backend.TestAuth" name="test_register_duplicate" time="0.425" /><testcase classname="backend.tests.test_getaride_backend.TestAuth" name="test_register_invalid_role" time="0.041" /><testcase classname="backend.tests.test_getaride_backend.TestAuth" name="test_login_success" time="0.267" /><testcase classname="backend.tests.test_getaride_backend.TestAuth" name="test_login_wrong_password" time="0.263" /><testcase classname="backend.tests.test_getaride_backend.TestAuth" name="test_me" time="0.045" /><testcase classname="backend.tests.test_getaride_backend.TestAuth" name="test_me_no_token" time="0.040" /><testcase classname="backend.tests.test_getaride_backend.TestCustomerRide" name="test_create_ride" time="0.044" /><testcase classname="backend.tests.test_getaride_backend.TestCustomerRide" name="test_create_ride_driver_forbidden" time="0.310" /><testcase classname="backend.tests.test_getaride_backend.TestCustomerRide" name="test_offers_progressive_reveal" time="9.088" /><testcase classname="backend.tests.test_getaride_backend.TestCustomerRide" name="test_select_offer" time="0.048" /><testcase classname="backend.tests.test_getaride_backend.TestCustomerRide" name="test_track_driver_enroute" time="0.050" /><testcase classname="backend.tests.test_getaride_backend.TestDriverFlow" name="test_go_online" time="0.044" /><testcase classname="backend.tests.test_getaride_backend.TestDriverFlow" name="test_requests" time="0.044" /><testcase classname="backend.tests.test_getaride_backend.TestDriverFlow" name="test_bid_out_of_range" time="0.044" /><testcase classname="backend.tests.test_getaride_backend.TestDriverFlow" name="test_bid_success" time="0.043" /><testcase classname="backend.tests.test_getaride_backend.TestDriverFlow" name="test_active_auto_accept" time="6.090" /><testcase classname="backend.tests.test_getaride_backend.TestDriverFlow" name="test_advance_statuses" time="0.128" /><testcase classname="backend.tests.test_getaride_backend.TestDriverFlow" name="test_invalid_status" time="0.043" /><testcase classname="backend.tests.test_getaride_backend.TestChat" name="test_send_and_autoreply" time="1.085" /><testcase classname="backend.tests.test_getaride_backend.TestHistory" name="test_customer_rides" time="0.043" /><testcase classname="backend.tests.test_getaride_backend.TestHistory" name="test_driver_trips" time="0.041" /><testcase classname="backend.tests.test_getaride_backend.TestPlaces" name="test_places_query" time="0.042" /></testsuite></testsuites>