<?xml version="1.0" encoding="utf-8"?><testsuites name="pytest tests"><testsuite name="pytest" errors="0" failures="0" skipped="0" tests="12" time="17.715" timestamp="2026-06-25T05:58:11.481364+00:00" hostname="agent-env-f1b46584-47b3-4b98-b000-0d0de8918e19"><testcase classname="backend.tests.test_earnings_inbox_admin.TestDriverEarnings" name="test_earnings_shape" time="16.328" /><testcase classname="backend.tests.test_earnings_inbox_admin.TestDriverEarnings" name="test_earnings_customer_forbidden_or_empty" time="0.043" /><testcase classname="backend.tests.test_earnings_inbox_admin.TestInbox" name="test_inbox_lists_customer_conversation" time="0.042" /><testcase classname="backend.tests.test_earnings_inbox_admin.TestInbox" name="test_inbox_soft_delete_then_hidden" time="0.106" /><testcase classname="backend.tests.test_earnings_inbox_admin.TestInbox" name="test_inbox_requires_auth" time="0.044" /><testcase classname="backend.tests.test_earnings_inbox_admin.TestAdmin" name="test_admin_login_role" time="0.264" /><testcase classname="backend.tests.test_earnings_inbox_admin.TestAdmin" name="test_overview" time="0.307" /><testcase classname="backend.tests.test_earnings_inbox_admin.TestAdmin" name="test_conversations" time="0.045" /><testcase classname="backend.tests.test_earnings_inbox_admin.TestAdmin" name="test_users" time="0.043" /><testcase classname="backend.tests.test_earnings_inbox_admin.TestAdmin" name="test_rides" time="0.053" /><testcase classname="backend.tests.test_earnings_inbox_admin.TestAdmin" name="test_admin_endpoints_forbid_customer" time="0.216" /><testcase classname="backend.tests.test_earnings_inbox_admin.TestAdmin" name="test_admin_endpoints_forbid_driver" time="0.182" /></testsuite></testsuites>