<?xml version="1.0" encoding="utf-8"?><testsuites name="pytest tests"><testsuite name="pytest" errors="0" failures="0" skipped="0" tests="7" time="5.954" timestamp="2026-08-01T17:59:13.998470+00:00" hostname="agent-env-f1b46584-47b3-4b98-b000-0d0de8918e19"><testcase classname="backend.tests.test_iter15_rate_and_cancel.TestCancelFeeRule" name="test_a_regular_searching_free" time="0.651" /><testcase classname="backend.tests.test_iter15_rate_and_cancel.TestCancelFeeRule" name="test_b_regular_after_select_fee_5" time="2.420" /><testcase classname="backend.tests.test_iter15_rate_and_cancel.TestCancelFeeRule" name="test_c_scheduled_with_driver_still_scheduled_free" time="1.427" /><testcase classname="backend.tests.test_iter15_rate_and_cancel.TestRatingFlow" name="test_rider_rates_driver" time="0.736" /><testcase classname="backend.tests.test_iter15_rate_and_cancel.TestRatingFlow" name="test_driver_rates_rider_updates_aggregate" time="0.206" /><testcase classname="backend.tests.test_iter15_rate_and_cancel.TestRatingFlow" name="test_rate_non_completed_returns_400" time="0.208" /><testcase classname="backend.tests.test_iter15_rate_and_cancel.TestRatingFlow" name="test_outsider_returns_403" time="0.204" /></testsuite></testsuites>