<?xml version="1.0" encoding="utf-8"?><testsuites name="pytest tests"><testsuite name="pytest" errors="0" failures="1" skipped="0" tests="7" time="2.687" timestamp="2026-06-26T19:29:12.900164+00:00" hostname="agent-env-f1b46584-47b3-4b98-b000-0d0de8918e19"><testcase classname="backend.tests.test_iter9_service_area_payments.TestServiceArea" name="test_reject_when_both_outside_100mi" time="0.568" /><testcase classname="backend.tests.test_iter9_service_area_payments.TestServiceArea" name="test_accept_when_pickup_in_orlando" time="0.162" /><testcase classname="backend.tests.test_iter9_service_area_payments.TestServiceArea" name="test_accept_when_destination_in_orlando" time="0.095" /><testcase classname="backend.tests.test_iter9_service_area_payments.TestServiceArea" name="test_accept_normal_orlando_ride" time="0.098" /><testcase classname="backend.tests.test_iter9_service_area_payments.TestPayments" name="test_checkout_requires_completed_ride" time="0.224" /><testcase classname="backend.tests.test_iter9_service_area_payments.TestPayments" name="test_checkout_403_non_owner" time="0.760" /><testcase classname="backend.tests.test_iter9_service_area_payments.TestPayments" name="test_checkout_success_returns_url_and_session" time="0.732"><failure message="AssertionError: Internal Server Error&#10;assert 500 == 200&#10; +  where 500 = &lt;Response [500]&gt;.status_code">backend/tests/test_iter9_service_area_payments.py:117: in test_checkout_success_returns_url_and_session
    assert r.status_code == 200, r.text
E   AssertionError: Internal Server Error
E   assert 500 == 200
E    +  where 500 = &lt;Response [500]&gt;.status_code</failure></testcase></testsuite></testsuites>