<?xml version="1.0" encoding="utf-8"?><testsuites name="pytest tests"><testsuite name="pytest" errors="0" failures="0" skipped="0" tests="6" time="1.300" timestamp="2026-06-26T17:52:52.360166+00:00" hostname="agent-env-f1b46584-47b3-4b98-b000-0d0de8918e19"><testcase classname="backend.tests.test_driver_docs_signup.TestDriverRegister" name="test_register_driver_returns_token_and_pending" time="0.473" /><testcase classname="backend.tests.test_driver_docs_signup.TestDriverRegister" name="test_me_returns_driver" time="0.053" /><testcase classname="backend.tests.test_driver_docs_signup.TestDriverRegister" name="test_login_returns_driver" time="0.270" /><testcase classname="backend.tests.test_driver_docs_signup.TestDriverOnlineBlocked" name="test_pending_driver_blocked" time="0.051" /><testcase classname="backend.tests.test_driver_docs_signup.TestAdminUsersDocs" name="test_admin_users_contains_driver_with_docs" time="0.322" /><testcase classname="backend.tests.test_driver_docs_signup.TestAdminUsersDocs" name="test_admin_approve_then_driver_can_go_online" time="0.104" /></testsuite></testsuites>