<?xml version="1.0" encoding="utf-8"?><testsuites name="pytest tests"><testsuite name="pytest" errors="0" failures="0" skipped="0" tests="19" time="8.373" timestamp="2026-06-26T18:23:57.402419+00:00" hostname="agent-env-f1b46584-47b3-4b98-b000-0d0de8918e19"><testcase classname="backend.tests.test_support_and_signup_v8.TestPhotoRequired" name="test_register_customer_without_photo_400" time="0.293" /><testcase classname="backend.tests.test_support_and_signup_v8.TestPhotoRequired" name="test_register_customer_with_photo_200" time="0.357" /><testcase classname="backend.tests.test_support_and_signup_v8.TestPhotoRequired" name="test_register_driver_without_photo_400" time="0.147" /><testcase classname="backend.tests.test_support_and_signup_v8.TestDriverYear" name="test_year_2009_rejected" time="0.392" /><testcase classname="backend.tests.test_support_and_signup_v8.TestDriverYear" name="test_year_2010_accepted" time="0.317" /><testcase classname="backend.tests.test_support_and_signup_v8.TestDriverSSN" name="test_invalid_ssn_rejected[000-12-3456]" time="0.361" /><testcase classname="backend.tests.test_support_and_signup_v8.TestDriverSSN" name="test_invalid_ssn_rejected[666-12-3456]" time="0.327" /><testcase classname="backend.tests.test_support_and_signup_v8.TestDriverSSN" name="test_invalid_ssn_rejected[999-12-3456]" time="0.380" /><testcase classname="backend.tests.test_support_and_signup_v8.TestDriverSSN" name="test_invalid_ssn_rejected[111-11-1111]" time="0.373" /><testcase classname="backend.tests.test_support_and_signup_v8.TestDriverSSN" name="test_invalid_ssn_rejected[123-45-6789]" time="0.312" /><testcase classname="backend.tests.test_support_and_signup_v8.TestDriverSSN" name="test_missing_agreed_terms_rejected" time="0.333" /><testcase classname="backend.tests.test_support_and_signup_v8.TestDriverPersistence" name="test_pending_status" time="0.353" /><testcase classname="backend.tests.test_support_and_signup_v8.TestDriverPersistence" name="test_only_last4_in_admin" time="0.465" /><testcase classname="backend.tests.test_support_and_signup_v8.TestDriverPersistence" name="test_pending_driver_cannot_go_online" time="0.094" /><testcase classname="backend.tests.test_support_and_signup_v8.TestSupportChat" name="test_customer_support_start_creates_thread" time="0.545" /><testcase classname="backend.tests.test_support_and_signup_v8.TestSupportChat" name="test_customer_send_auto_reply" time="1.235" /><testcase classname="backend.tests.test_support_and_signup_v8.TestSupportChat" name="test_inbox_lists_support_at_top" time="0.138" /><testcase classname="backend.tests.test_support_and_signup_v8.TestSupportChat" name="test_driver_support_thread" time="1.791" /><testcase classname="backend.tests.test_support_and_signup_v8.TestSupportChat" name="test_admin_conversations_includes_support" time="0.111" /></testsuite></testsuites>