<?xml version="1.0" encoding="utf-8"?><testsuites name="pytest tests"><testsuite name="pytest" errors="0" failures="1" skipped="0" tests="22" time="18.734" timestamp="2026-06-22T18:08:52.507687+00:00" hostname="agent-env-f1b46584-47b3-4b98-b000-0d0de8918e19"><testcase classname="backend.tests.test_getaride_backend.TestAuth" name="test_register_duplicate" time="0.508" /><testcase classname="backend.tests.test_getaride_backend.TestAuth" name="test_register_invalid_role" time="0.045" /><testcase classname="backend.tests.test_getaride_backend.TestAuth" name="test_login_success" time="0.277" /><testcase classname="backend.tests.test_getaride_backend.TestAuth" name="test_login_wrong_password" time="0.269" /><testcase classname="backend.tests.test_getaride_backend.TestAuth" name="test_me" time="0.055"><failure message="AssertionError: assert 'test_cust_3b684748@test.com' == 'TEST_cust_3b684748@test.com'&#10;  &#10;  - TEST_cust_3b684748@test.com&#10;  ? ^^^^&#10;  + test_cust_3b684748@test.com&#10;  ? ^^^^">backend/tests/test_getaride_backend.py:69: in test_me
    assert r.json()["user"]["email"] == customer["email"]
E   AssertionError: assert 'test_cust_3b684748@test.com' == 'TEST_cust_3b684748@test.com'
E     
E     - TEST_cust_3b684748@test.com
E     ? ^^^^
E     + test_cust_3b684748@test.com
E     ? ^^^^</failure></testcase><testcase classname="backend.tests.test_getaride_backend.TestAuth" name="test_me_no_token" time="0.054" /><testcase classname="backend.tests.test_getaride_backend.TestCustomerRide" name="test_create_ride" time="0.049" /><testcase classname="backend.tests.test_getaride_backend.TestCustomerRide" name="test_create_ride_driver_forbidden" time="0.327" /><testcase classname="backend.tests.test_getaride_backend.TestCustomerRide" name="test_offers_progressive_reveal" time="9.207" /><testcase classname="backend.tests.test_getaride_backend.TestCustomerRide" name="test_select_offer" time="0.053" /><testcase classname="backend.tests.test_getaride_backend.TestCustomerRide" name="test_track_driver_enroute" time="0.046" /><testcase classname="backend.tests.test_getaride_backend.TestDriverFlow" name="test_go_online" time="0.056" /><testcase classname="backend.tests.test_getaride_backend.TestDriverFlow" name="test_requests" time="0.051" /><testcase classname="backend.tests.test_getaride_backend.TestDriverFlow" name="test_bid_out_of_range" time="0.049" /><testcase classname="backend.tests.test_getaride_backend.TestDriverFlow" name="test_bid_success" time="0.047" /><testcase classname="backend.tests.test_getaride_backend.TestDriverFlow" name="test_active_auto_accept" time="6.105" /><testcase classname="backend.tests.test_getaride_backend.TestDriverFlow" name="test_advance_statuses" time="0.166" /><testcase classname="backend.tests.test_getaride_backend.TestDriverFlow" name="test_invalid_status" time="0.049" /><testcase classname="backend.tests.test_getaride_backend.TestChat" name="test_send_and_autoreply" time="1.115" /><testcase classname="backend.tests.test_getaride_backend.TestHistory" name="test_customer_rides" time="0.047" /><testcase classname="backend.tests.test_getaride_backend.TestHistory" name="test_driver_trips" time="0.049" /><testcase classname="backend.tests.test_getaride_backend.TestPlaces" name="test_places_query" time="0.050" /></testsuite></testsuites>